1：package io;
2：
3：import java.io.*;
4：
5：/**
6： * Created by degang on 17/4/4.
7： */
8：public class BasicFileOutput {
9：    static String src = "src/io/BasicFileOutput.java";
10：    static String dest = "src/io/BasicFileOutput.out";
11：
12：    public static void main(String[] args) throws IOException{
13：        BufferedReader in = new BufferedReader(new StringReader(BufferedInputFile.read(src)));
14：        PrintWriter out = new PrintWriter(new BufferedWriter(new FileWriter(dest)));
15：        int lineCount = 1;
16：        String s;
17：
18：        while ((s = in.readLine()) != null) {
19：            out.println(lineCount++ + "：" + s);
20：        }
21：        out.close();
22：        System.out.println(BufferedInputFile.read(dest));
23：    }
24：}
